<?xml version="1.0" encoding="UTF-8"?>
<!-- Generated by org.testng.reporters.JUnitXMLReporter -->
<testsuite hostname="Lenovo" ignored="1" name="details" tests="4" failures="0" timestamp="24 Mar 2024 16:07:09 GMT" time="0.142" errors="0">
  <testcase name="method1" time="0.032" classname="testng.main1"/>
  <testcase name="method2" time="0.016" classname="testng.main1"/>
  <testcase name="tc1" time="0.0" classname="testng.main1"/>
  <testcase name="tc3" time="0.0" classname="testng.main1"/>
  <testcase name="tc2" time="0.0" classname="testng.main1">
    <ignored/>
  </testcase> <!-- tc2 -->
</testsuite> <!-- details -->
