<?xml version="1.0" encoding="UTF-8"?>
<!-- Generated by org.testng.reporters.JUnitXMLReporter -->
<testsuite hostname="Lenovo" ignored="1" name="Testcases" tests="4" failures="0" timestamp="24 Mar 2024 16:04:09 GMT" time="0.235" errors="0">
  <testcase name="method1" time="0.029" classname="testng.main2"/>
  <testcase name="method2" time="0.015" classname="testng.main2"/>
  <testcase name="tc3" time="0.0" classname="testng.main1"/>
  <testcase name="tc1" time="0.031" classname="testng.main1"/>
  <testcase name="tc2" time="0.0" classname="testng.main1">
    <ignored/>
  </testcase> <!-- tc2 -->
</testsuite> <!-- Testcases -->
