<?xml version="1.0" encoding="UTF-8"?>
<!-- Generated by org.testng.reporters.JUnitXMLReporter -->
<testsuite hostname="Lenovo" ignored="1" name="Default test" tests="2" failures="0" timestamp="24 Mar 2024 15:42:46 GMT" time="0.236" errors="0">
  <testcase name="tc1" time="0.034" classname="testng.main1"/>
  <testcase name="tc3" time="0.011" classname="testng.main1"/>
  <testcase name="tc2" time="0.0" classname="testng.main1">
    <ignored/>
  </testcase> <!-- tc2 -->
</testsuite> <!-- Default test -->
