<?xml version="1.0" encoding="UTF-8"?>
<testng-results skipped="0" failed="0" ignored="1" total="5" passed="4">
  <reporter-output>
  </reporter-output>
  <suite name="Suite2" duration-ms="142" started-at="2024-03-24T16:07:09Z" finished-at="2024-03-24T16:07:09Z">
    <groups>
    </groups>
    <test name="details" duration-ms="142" started-at="2024-03-24T16:07:09Z" finished-at="2024-03-24T16:07:09Z">
      <class name="testng.main1">
        <test-method status="PASS" signature="method1()[pri:0, instance:testng.main1@402a079c]" name="method1" duration-ms="32" started-at="2024-03-24T16:07:09Z" finished-at="2024-03-24T16:07:09Z">
          <reporter-output>
          </reporter-output>
        </test-method> <!-- method1 -->
        <test-method status="PASS" signature="method2()[pri:0, instance:testng.main1@402a079c]" name="method2" duration-ms="16" started-at="2024-03-24T16:07:09Z" finished-at="2024-03-24T16:07:09Z">
          <reporter-output>
          </reporter-output>
        </test-method> <!-- method2 -->
        <test-method status="PASS" signature="tc1()[pri:0, instance:testng.main1@402a079c]" name="tc1" duration-ms="0" started-at="2024-03-24T16:07:09Z" finished-at="2024-03-24T16:07:09Z">
          <reporter-output>
          </reporter-output>
        </test-method> <!-- tc1 -->
        <test-method status="PASS" signature="tc3()[pri:0, instance:testng.main1@402a079c]" name="tc3" duration-ms="0" started-at="2024-03-24T16:07:09Z" finished-at="2024-03-24T16:07:09Z">
          <reporter-output>
          </reporter-output>
        </test-method> <!-- tc3 -->
      </class> <!-- testng.main1 -->
    </test> <!-- details -->
  </suite> <!-- Suite2 -->
</testng-results>
